[0.443s] Invoking command in '/home/samir/Documents/learning/ros2_ws/build/examples_rclcpp_minimal_publisher': CMAKE_PREFIX_PATH=/opt/ros/humble /home/samir/.local/bin/cmake /home/samir/Documents/learning/ros2_ws/src/examples/rclcpp/topics/minimal_publisher -DCMAKE_INSTALL_PREFIX=/home/samir/Documents/learning/ros2_ws/install/examples_rclcpp_minimal_publisher
[1.433s] -- Found ament_cmake: 1.3.5 (/opt/ros/humble/share/ament_cmake/cmake)
[1.433s] -- Override CMake install command with custom implementation using symlinks instead of copying resources
[1.433s] -- Found rclcpp: 16.0.6 (/opt/ros/humble/share/rclcpp/cmake)
[1.433s] -- Found rosidl_generator_c: 3.1.5 (/opt/ros/humble/share/rosidl_generator_c/cmake)
[1.433s] -- Found rosidl_adapter: 3.1.5 (/opt/ros/humble/share/rosidl_adapter/cmake)
[1.433s] -- Found rosidl_generator_cpp: 3.1.5 (/opt/ros/humble/share/rosidl_generator_cpp/cmake)
[1.434s] -- Using all available rosidl_typesupport_c: rosidl_typesupport_fastrtps_c;rosidl_typesupport_introspection_c
[1.434s] -- Using all available rosidl_typesupport_cpp: rosidl_typesupport_fastrtps_cpp;rosidl_typesupport_introspection_cpp
[1.434s] -- Found rmw_implementation_cmake: 6.1.1 (/opt/ros/humble/share/rmw_implementation_cmake/cmake)
[1.434s] -- Found rmw_fastrtps_cpp: 6.2.4 (/opt/ros/humble/share/rmw_fastrtps_cpp/cmake)
[1.434s] -- Using RMW implementation 'rmw_fastrtps_cpp' as default
[1.435s] -- Found ament_lint_auto: 0.12.8 (/opt/ros/humble/share/ament_lint_auto/cmake)
[1.435s] -- Added test 'copyright' to check source files copyright and LICENSE
[1.435s] -- Added test 'cppcheck' to perform static code analysis on C / C++ code
[1.436s] -- Configured cppcheck include dirs: 
[1.436s] -- Configured cppcheck exclude dirs and/or files: 
[1.436s] -- Added test 'cpplint' to check C / C++ code against the Google style
[1.436s] -- Configured cpplint exclude dirs and/or files: 
[1.436s] -- Added test 'lint_cmake' to check CMake code style
[1.436s] -- Added test 'uncrustify' to check C / C++ code style
[1.436s] -- Configured uncrustify additional arguments: 
[1.436s] -- Added test 'xmllint' to check XML markup files
[1.436s] -- Configuring done (0.9s)
[1.440s] -- Generating done (0.0s)
[1.440s] -- Build files have been written to: /home/samir/Documents/learning/ros2_ws/build/examples_rclcpp_minimal_publisher
[1.732s] Invoked command in '/home/samir/Documents/learning/ros2_ws/build/examples_rclcpp_minimal_publisher' returned '0': CMAKE_PREFIX_PATH=/opt/ros/humble /home/samir/.local/bin/cmake /home/samir/Documents/learning/ros2_ws/src/examples/rclcpp/topics/minimal_publisher -DCMAKE_INSTALL_PREFIX=/home/samir/Documents/learning/ros2_ws/install/examples_rclcpp_minimal_publisher
[1.733s] Invoking command in '/home/samir/Documents/learning/ros2_ws/build/examples_rclcpp_minimal_publisher': CMAKE_PREFIX_PATH=/opt/ros/humble /home/samir/.local/bin/cmake --build /home/samir/Documents/learning/ros2_ws/build/examples_rclcpp_minimal_publisher -- -j16 -l16
[1.790s] [ 16%] Built target publisher_member_function_with_unique_network_flow_endpoints
[1.792s] [ 33%] Built target publisher_lambda
[1.802s] [ 58%] [32mBuilding CXX object CMakeFiles/publisher_member_function.dir/member_function.cpp.o[0m
[1.802s] [ 58%] Built target publisher_wait_for_all_acked
[1.810s] [ 75%] Built target publisher_not_composable
[1.818s] [ 91%] Built target publisher_member_function_with_type_adapter
[3.601s] [01m[K/home/samir/Documents/learning/ros2_ws/src/examples/rclcpp/topics/minimal_publisher/member_function.cpp:46:4:[m[K [01;31m[Kerror: [m[Kâ€˜[01m[KCMAKE[m[Kâ€™ does not name a type
[3.601s]    46 |   }[01;31m[KCMAKE[m[K
[3.602s]       |    [01;31m[K^~~~~[m[K
[3.610s] [01m[K/home/samir/Documents/learning/ros2_ws/src/examples/rclcpp/topics/minimal_publisher/member_function.cpp:[m[K In constructor â€˜[01m[KMinimalPublisher::MinimalPublisher()[m[Kâ€™:
[3.611s] [01m[K/home/samir/Documents/learning/ros2_ws/src/examples/rclcpp/topics/minimal_publisher/member_function.cpp:35:5:[m[K [01;31m[Kerror: [m[Kâ€˜[01m[Ktimer_[m[Kâ€™ was not declared in this scope; did you mean â€˜[01m[Ktimer_t[m[Kâ€™?
[3.611s]    35 |     [01;31m[Ktimer_[m[K = this->create_wall_timer(
[3.611s]       |     [01;31m[K^~~~~~[m[K
[3.611s]       |     [32m[Ktimer_t[m[K
[4.218s] gmake[2]: *** [CMakeFiles/publisher_member_function.dir/build.make:76: CMakeFiles/publisher_member_function.dir/member_function.cpp.o] Error 1
[4.218s] gmake[1]: *** [CMakeFiles/Makefile2:173: CMakeFiles/publisher_member_function.dir/all] Error 2
[4.218s] gmake: *** [Makefile:146: all] Error 2
[5.323s] Invoked command in '/home/samir/Documents/learning/ros2_ws/build/examples_rclcpp_minimal_publisher' returned '2': CMAKE_PREFIX_PATH=/opt/ros/humble /home/samir/.local/bin/cmake --build /home/samir/Documents/learning/ros2_ws/build/examples_rclcpp_minimal_publisher -- -j16 -l16
